0 silly input [ 'compile' ]
1 silly flags { _: [ 'run' ],
1 silly flags   'reject-cycles': false,
1 silly flags   rejectCycles: false,
1 silly flags   script: 'compile',
1 silly flags   args: [] }
2 verbose rootPath /Users/jean/Work/Official/Metro/assembler
3 info version 2.11.0
4 silly existsSync /Users/jean/Work/Official/Metro/assembler/VERSION
5 info versioning independent
6 silly initialize attempt
7 silly initialize success
8 silly execute attempt
9 silly runScriptInDir compile [] cli
10 silly getExecOpts { cwd: '/Users/jean/Work/Official/Metro/assembler/packages/cli' }
11 error compile Errored while running script in '@bluprint/cli'
12 error execute callback with error
13 error Error: Command failed: yarn run compile
13 error error Command failed with exit code 1.
13 error $ tsc --p tsconfig.publish.json
13 error error TS5055: Cannot write file '/Users/jean/Work/Official/Metro/assembler/packages/cli/lib/blueprints.d.ts' because it would overwrite input file.
13 error error TS5055: Cannot write file '/Users/jean/Work/Official/Metro/assembler/packages/cli/lib/cli.d.ts' because it would overwrite input file.
13 error error TS5055: Cannot write file '/Users/jean/Work/Official/Metro/assembler/packages/cli/lib/environment.d.ts' because it would overwrite input file.
13 error error TS5055: Cannot write file '/Users/jean/Work/Official/Metro/assembler/packages/cli/lib/index.d.ts' because it would overwrite input file.
13 error error TS5055: Cannot write file '/Users/jean/Work/Official/Metro/assembler/packages/cli/lib/tasks.d.ts' because it would overwrite input file.
13 error info Visit https://yarnpkg.com/en/docs/cli/run for documentation about this command.
13 error
13 error     at Promise.all.then.arr (/Users/jean/Work/Official/Metro/assembler/node_modules/lerna/node_modules/execa/index.js:236:11)
13 error     at <anonymous>
